Determining if the pthread_create exist failed with the following output:
Change Dir: /home/zyhan/ncnn_tf/myPro/CMakeFiles/CMakeTmp

Run Build Command:"/usr/bin/gmake" "cmTC_7575e/fast"
/usr/bin/gmake -f CMakeFiles/cmTC_7575e.dir/build.make CMakeFiles/cmTC_7575e.dir/build
gmake[1]: Entering directory '/home/zyhan/ncnn_tf/myPro/CMakeFiles/CMakeTmp'
Building C object CMakeFiles/cmTC_7575e.dir/CheckSymbolExists.c.o
/usr/bin/cc    -o CMakeFiles/cmTC_7575e.dir/CheckSymbolExists.c.o   -c /home/zyhan/ncnn_tf/myPro/CMakeFiles/CMakeTmp/CheckSymbolExists.c
Linking C executable cmTC_7575e
/usr/local/bin/cmake -E cmake_link_script CMakeFiles/cmTC_7575e.dir/link.txt --verbose=1
/usr/bin/cc      CMakeFiles/cmTC_7575e.dir/CheckSymbolExists.c.o  -o cmTC_7575e 
CMakeFiles/cmTC_7575e.dir/CheckSymbolExists.c.o: In function `main':
CheckSymbolExists.c:(.text+0x16): undefined reference to `pthread_create'
collect2: error: ld returned 1 exit status
CMakeFiles/cmTC_7575e.dir/build.make:86: recipe for target 'cmTC_7575e' failed
gmake[1]: *** [cmTC_7575e] Error 1
gmake[1]: Leaving directory '/home/zyhan/ncnn_tf/myPro/CMakeFiles/CMakeTmp'
Makefile:126: recipe for target 'cmTC_7575e/fast' failed
gmake: *** [cmTC_7575e/fast] Error 2

File /home/zyhan/ncnn_tf/myPro/CMakeFiles/CMakeTmp/CheckSymbolExists.c:
/* */
#include <pthread.h>

int main(int argc, char** argv)
{
  (void)argv;
#ifndef pthread_create
  return ((int*)(&pthread_create))[argc];
#else
  (void)argc;
  return 0;
#endif
}

Determining if the function pthread_create exists in the pthreads failed with the following output:
Change Dir: /home/zyhan/ncnn_tf/myPro/CMakeFiles/CMakeTmp

Run Build Command:"/usr/bin/gmake" "cmTC_1b92f/fast"
/usr/bin/gmake -f CMakeFiles/cmTC_1b92f.dir/build.make CMakeFiles/cmTC_1b92f.dir/build
gmake[1]: Entering directory '/home/zyhan/ncnn_tf/myPro/CMakeFiles/CMakeTmp'
Building C object CMakeFiles/cmTC_1b92f.dir/CheckFunctionExists.c.o
/usr/bin/cc   -DCHECK_FUNCTION_EXISTS=pthread_create   -o CMakeFiles/cmTC_1b92f.dir/CheckFunctionExists.c.o   -c /usr/local/share/cmake-3.11/Modules/CheckFunctionExists.c
Linking C executable cmTC_1b92f
/usr/local/bin/cmake -E cmake_link_script CMakeFiles/cmTC_1b92f.dir/link.txt --verbose=1
/usr/bin/cc  -DCHECK_FUNCTION_EXISTS=pthread_create    CMakeFiles/cmTC_1b92f.dir/CheckFunctionExists.c.o  -o cmTC_1b92f -lpthreads 
/usr/bin/ld: cannot find -lpthreads
collect2: error: ld returned 1 exit status
CMakeFiles/cmTC_1b92f.dir/build.make:86: recipe for target 'cmTC_1b92f' failed
gmake[1]: *** [cmTC_1b92f] Error 1
gmake[1]: Leaving directory '/home/zyhan/ncnn_tf/myPro/CMakeFiles/CMakeTmp'
Makefile:126: recipe for target 'cmTC_1b92f/fast' failed
gmake: *** [cmTC_1b92f/fast] Error 2


